2020/03/08 12:12:48 [cO] Started logging...
2020/03/08 12:12:48 [dcCO] LETS reverse clients list NOW
2020/03/08 12:12:48 [cCO] Options correctly saved
2020/03/08 12:12:48 [dMain] Check http://www.mldonkey.org for updates
2020/03/08 12:12:48 [dMain] enabling networks: 
2020/03/08 12:12:48 [dMain] ---- enabling Donkey ----
2020/03/08 12:12:48 [EDK] loading sources completed
2020/03/08 12:12:48 [dMain] using port 5241 (client_port TCP)
2020/03/08 12:12:48 [dMain] using port 5245 (client_port UDP)
2020/03/08 12:12:48 [dMain] ---- enabling BitTorrent ----
2020/03/08 12:12:48 [bTM] starting DHT on port 16682
2020/03/08 12:12:48 [dMain] using port 6882 (client_port TCP)
2020/03/08 12:12:48 [dMain] using port 6881 (tracker_port TCP)
2020/03/08 12:12:48 [dMain] using port 16682 (dht_port UDP)
2020/03/08 12:12:48 [dMain] ---- enabling FileTP ----
2020/03/08 12:12:48 [dMain] ---- enabling interfaces ----
2020/03/08 12:12:48 [dMain] using port 4080 (http_port)
2020/03/08 12:12:48 [dMain] using port 4000 (telnet_port)
2020/03/08 12:12:48 [dMain] using port 4001 (gui_port)
2020/03/08 12:12:48 [dMain] disabled networks: Direct Connect 
2020/03/08 12:12:48 [BT] Updating options to version 1
2020/03/08 12:12:48 [dMain] To command: telnet 127.0.0.1 4000
2020/03/08 12:12:48 [dMain] Or with browser: http://127.0.0.1:4080
2020/03/08 12:12:48 [dMain] For a GUI check out http://sancho-gui.sourceforge.net
2020/03/08 12:12:48 [dMain] Connect to IP 127.0.0.1, port 4001
2020/03/08 12:12:48 [dMain] If you connect from a remote machine adjust allowed_ips
2020/03/08 12:12:48 [cCO] Options correctly saved
2020/03/08 12:12:48 [dMain] Core started
2020/03/08 12:12:49 [cWeb] request geoip.dat (http://www.maxmind.com/download/geoip/database/GeoLiteCountry/GeoIP.dat.gz)
2020/03/08 12:12:49 [cWeb] request hublist (http://dchublist.com/hublist.config.bz2)
2020/03/08 12:12:49 [cWeb] request server.met (http://www.gruk.org/server.met.gz)
2020/03/08 12:12:49 [cWeb] request guarding.p2p (http://upd.emule-security.org/ipfilter.zip)
2020/03/08 12:12:49 [cWeb] Failure("Unknown kind [nodes.gzip]") while loading http://update.kceasy.com/update/fasttrack/nodes.gzip
2020/03/08 12:12:50 [HTTPsv] connection from 73.202.196.143 rejected (see allowed_ips setting)
2020/03/08 12:12:50 [bS] close failed: Bad file descriptor : unexpected exn exec can_read
2020/03/08 12:12:50 [HTTPsv] connection from 73.202.196.143 rejected (see allowed_ips setting)
2020/03/08 12:12:50 [bS] close failed: Bad file descriptor : unexpected exn exec can_read
2020/03/08 12:12:53 [EDK] There are no ED2K-servers in your servers.ini.
2020/03/08 12:12:53 [EDK] Please import servers from a server.met file.
2020/03/08 12:12:53 [EDK] Let MLDonkey use a file configured in web_infos
2020/03/08 12:12:53 [EDK] or enter this link into MLDonkey:
2020/03/08 12:12:53 [EDK] ed2k://|serverlist|http://www.gruk.org/server.met.gz|/
2020/03/08 12:12:59 [HTTPcl] 404: Not found for: http://www.maxmind.com/download/geoip/database/GeoLiteCountry/GeoIP.dat.gz
2020/03/08 12:12:59 [cWeb] local file web_infos/GeoIP.dat.gz not found, HTTP request failed (error 404)
2020/03/08 12:12:59 [EDK] server.met loaded from http://www.gruk.org/server.met.gz
2020/03/08 12:12:59 [EDK] 6 servers found, 6 new ones inserted
[TCP_BS]: BUFFER OVERFLOW 0+57920> 50000 MESSAGE: [(193)(33)(17)(165)(116)(206)(73)(98)(40)(131)(184)(60)(180)(87)(239)(101)(38)(12)(105)(244)...]
2020/03/08 12:13:00 [bS] Invalid_argument("String.sub / Bytes.sub") : unexpected exn exec can_read
2020/03/08 12:13:01 [bS] exec closed : unexpected exn Sys_error("web_infos//: Is a directory")
2020/03/08 12:14:25 [dMain] Received SIGTERM, stopping MLDonkey...
2020/03/08 12:14:25 [cCO] Options correctly saved
2020/03/08 12:14:25 [cCO] Sources correctly saved
2020/03/08 12:14:25 [cCO] Options backup as .tar.gz correctly saved
2020/03/08 12:14:25 [dMain] Core stopped
2020/03/08 12:17:11 [cO] Started logging...
2020/03/08 12:17:11 [dcCO] LETS reverse clients list NOW
2020/03/08 12:17:11 [cCO] Options correctly saved
2020/03/08 12:17:11 [dMain] loading server.met from web_infos/server.met.gz
2020/03/08 12:17:11 [EDK] server.met loaded from http://www.gruk.org/server.met.gz
2020/03/08 12:17:11 [EDK] 6 servers found, 0 new ones inserted
2020/03/08 12:17:11 [dMain] Check http://www.mldonkey.org for updates
2020/03/08 12:17:11 [dMain] enabling networks: 
2020/03/08 12:17:11 [dMain] ---- enabling Donkey ----
2020/03/08 12:17:11 [EDK] loading sources completed
2020/03/08 12:17:11 [dMain] using port 5241 (client_port TCP)
2020/03/08 12:17:11 [dMain] using port 5245 (client_port UDP)
2020/03/08 12:17:11 [dMain] ---- enabling BitTorrent ----
2020/03/08 12:17:11 [bTM] starting DHT on port 16682
2020/03/08 12:17:11 [dMain] using port 6882 (client_port TCP)
2020/03/08 12:17:11 [dMain] using port 6881 (tracker_port TCP)
2020/03/08 12:17:11 [dMain] using port 16682 (dht_port UDP)
2020/03/08 12:17:11 [dMain] ---- enabling FileTP ----
2020/03/08 12:17:11 [dMain] ---- enabling interfaces ----
2020/03/08 12:17:11 [dMain] using port 4080 (http_port)
2020/03/08 12:17:11 [dMain] using port 4000 (telnet_port)
2020/03/08 12:17:11 [dMain] using port 4001 (gui_port)
2020/03/08 12:17:11 [dMain] disabled networks: Direct Connect 
2020/03/08 12:17:11 [dMain] To command: telnet 127.0.0.1 4000
2020/03/08 12:17:11 [dMain] Or with browser: http://127.0.0.1:4080
2020/03/08 12:17:11 [dMain] For a GUI check out http://sancho-gui.sourceforge.net
2020/03/08 12:17:11 [dMain] Connect to IP 127.0.0.1, port 4001
2020/03/08 12:17:11 [dMain] If you connect from a remote machine adjust allowed_ips
2020/03/08 12:17:11 [cCO] Options correctly saved
2020/03/08 12:17:11 [dMain] Core started
2020/03/08 12:17:12 [cWeb] request geoip.dat (http://www.maxmind.com/download/geoip/database/GeoLiteCountry/GeoIP.dat.gz)
2020/03/08 12:17:12 [cWeb] request server.met (http://www.gruk.org/server.met.gz)
2020/03/08 12:17:12 [cWeb] request hublist (http://dchublist.com/hublist.config.bz2)
2020/03/08 12:17:12 [cWeb] request guarding.p2p (http://upd.emule-security.org/ipfilter.zip)
2020/03/08 12:17:12 [cWeb] Failure("Unknown kind [nodes.gzip]") while loading http://update.kceasy.com/update/fasttrack/nodes.gzip
2020/03/08 12:17:22 [HTTPcl] 404: Not found for: http://www.maxmind.com/download/geoip/database/GeoLiteCountry/GeoIP.dat.gz
2020/03/08 12:17:22 [cWeb] local file web_infos/GeoIP.dat.gz not found, HTTP request failed (error 404)
2020/03/08 12:17:22 [EDK] server.met loaded from http://www.gruk.org/server.met.gz
2020/03/08 12:17:22 [EDK] 6 servers found, 0 new ones inserted
2020/03/08 12:17:24 [bS] exec closed : unexpected exn Sys_error("web_infos//: Is a directory")
2020/03/08 12:17:24 [IPblock] loading web_infos/ipfilter.zip
2020/03/08 12:17:24 [IPblock] guarding.p2p found in zip file
2020/03/08 12:17:25 [IPblock] 219312 ranges loaded - optimized to 197350
2020/03/08 12:17:41 [dIve] SECURITY WARNING: user admin has an empty password, use command: useradd admin password
2020/03/08 12:21:19 [dMain] Received SIGINT, stopping MLDonkey...
2020/03/08 12:21:19 [cCO] Options correctly saved
2020/03/08 12:21:19 [cCO] Sources correctly saved
2020/03/08 12:21:19 [cCO] Options backup as .tar.gz correctly saved
2020/03/08 12:21:19 [dMain] Core stopped
2020/03/08 12:21:22 [cO] Started logging...
2020/03/08 12:21:22 [dcCO] LETS reverse clients list NOW
2020/03/08 12:21:22 [cCO] Options correctly saved
2020/03/08 12:21:22 [dMain] loading server.met from web_infos/server.met.gz
2020/03/08 12:21:22 [EDK] server.met loaded from http://www.gruk.org/server.met.gz
2020/03/08 12:21:22 [EDK] 6 servers found, 0 new ones inserted
2020/03/08 12:21:22 [dMain] loading guarding.p2p from web_infos/ipfilter.zip
2020/03/08 12:21:22 [IPblock] loading web_infos/ipfilter.zip
2020/03/08 12:21:22 [IPblock] guarding.p2p found in zip file
2020/03/08 12:21:23 [IPblock] 219312 ranges loaded - optimized to 197350
2020/03/08 12:21:23 [dMain] Check http://www.mldonkey.org for updates
2020/03/08 12:21:23 [dMain] enabling networks: 
2020/03/08 12:21:23 [dMain] ---- enabling Donkey ----
2020/03/08 12:21:23 [EDK] loading sources completed
2020/03/08 12:21:23 [dMain] using port 5241 (client_port TCP)
2020/03/08 12:21:23 [dMain] using port 5245 (client_port UDP)
2020/03/08 12:21:23 [dMain] ---- enabling BitTorrent ----
2020/03/08 12:21:23 [bTM] starting DHT on port 16682
2020/03/08 12:21:23 [dMain] using port 6882 (client_port TCP)
2020/03/08 12:21:23 [dMain] using port 6881 (tracker_port TCP)
2020/03/08 12:21:23 [dMain] using port 16682 (dht_port UDP)
2020/03/08 12:21:23 [dMain] ---- enabling FileTP ----
2020/03/08 12:21:23 [dMain] ---- enabling interfaces ----
2020/03/08 12:21:23 [dMain] using port 4080 (http_port)
2020/03/08 12:21:23 [dMain] using port 4000 (telnet_port)
2020/03/08 12:21:23 [dMain] using port 4001 (gui_port)
2020/03/08 12:21:23 [dMain] disabled networks: Direct Connect 
2020/03/08 12:21:23 [dMain] To command: telnet 127.0.0.1 4000
2020/03/08 12:21:23 [dMain] Or with browser: http://127.0.0.1:4080
2020/03/08 12:21:23 [dMain] For a GUI check out http://sancho-gui.sourceforge.net
2020/03/08 12:21:23 [dMain] Connect to IP 127.0.0.1, port 4001
2020/03/08 12:21:23 [dMain] If you connect from a remote machine adjust allowed_ips
2020/03/08 12:21:23 [cCO] Options correctly saved
2020/03/08 12:21:23 [dMain] Core started
2020/03/08 12:21:24 [cWeb] request geoip.dat (http://www.maxmind.com/download/geoip/database/GeoLiteCountry/GeoIP.dat.gz)
2020/03/08 12:21:24 [cWeb] request hublist (http://dchublist.com/hublist.config.bz2)
2020/03/08 12:21:24 [cWeb] request server.met (http://www.gruk.org/server.met.gz)
2020/03/08 12:21:24 [cWeb] request guarding.p2p (http://upd.emule-security.org/ipfilter.zip)
2020/03/08 12:21:24 [cWeb] Failure("Unknown kind [nodes.gzip]") while loading http://update.kceasy.com/update/fasttrack/nodes.gzip
2020/03/08 12:21:27 [dIve] SECURITY WARNING: user admin has an empty password, use command: useradd admin password
2020/03/08 12:21:34 [HTTPcl] 404: Not found for: http://www.maxmind.com/download/geoip/database/GeoLiteCountry/GeoIP.dat.gz
2020/03/08 12:21:34 [cWeb] local file web_infos/GeoIP.dat.gz not found, HTTP request failed (error 404)
2020/03/08 12:21:34 [cWeb] already loaded local version of web_infos/ipfilter.zip (18:28  Mon 10 Feb 2020), HTML header (Mon, 10 Feb 2020 18:28:57 GMT)
2020/03/08 12:21:34 [EDK] server.met loaded from http://www.gruk.org/server.met.gz
2020/03/08 12:21:34 [EDK] 6 servers found, 0 new ones inserted
2020/03/08 12:21:36 [bS] exec closed : unexpected exn Sys_error("web_infos//: Is a directory")
